Determining if the pthread_create exist failed with the following output:
Change Dir: /home/tomiliatsereh/staubli_ws/build/staubli_rx160_gazebo/CMakeFiles/CMakeTmp

Run Build Command:"/usr/bin/make" "cmTC_2125b/fast"
/usr/bin/make -f CMakeFiles/cmTC_2125b.dir/build.make CMakeFiles/cmTC_2125b.dir/build
make[1]: Entering directory '/home/tomiliatsereh/staubli_ws/build/staubli_rx160_gazebo/CMakeFiles/CMakeTmp'
Building C object CMakeFiles/cmTC_2125b.dir/CheckSymbolExists.c.o
/usr/bin/cc    -o CMakeFiles/cmTC_2125b.dir/CheckSymbolExists.c.o   -c /home/tomiliatsereh/staubli_ws/build/staubli_rx160_gazebo/CMakeFiles/CMakeTmp/CheckSymbolExists.c
Linking C executable cmTC_2125b
/usr/bin/cmake -E cmake_link_script CMakeFiles/cmTC_2125b.dir/link.txt --verbose=1
/usr/bin/cc      -rdynamic CMakeFiles/cmTC_2125b.dir/CheckSymbolExists.c.o  -o cmTC_2125b 
CMakeFiles/cmTC_2125b.dir/CheckSymbolExists.c.o: In function `main':
CheckSymbolExists.c:(.text+0x1b): undefined reference to `pthread_create'
collect2: error: ld returned 1 exit status
CMakeFiles/cmTC_2125b.dir/build.make:97: recipe for target 'cmTC_2125b' failed
make[1]: *** [cmTC_2125b] Error 1
make[1]: Leaving directory '/home/tomiliatsereh/staubli_ws/build/staubli_rx160_gazebo/CMakeFiles/CMakeTmp'
Makefile:126: recipe for target 'cmTC_2125b/fast' failed
make: *** [cmTC_2125b/fast] Error 2

File /home/tomiliatsereh/staubli_ws/build/staubli_rx160_gazebo/CMakeFiles/CMakeTmp/CheckSymbolExists.c:
/* */
#include <pthread.h>

int main(int argc, char** argv)
{
  (void)argv;
#ifndef pthread_create
  return ((int*)(&pthread_create))[argc];
#else
  (void)argc;
  return 0;
#endif
}

Determining if the function pthread_create exists in the pthreads failed with the following output:
Change Dir: /home/tomiliatsereh/staubli_ws/build/staubli_rx160_gazebo/CMakeFiles/CMakeTmp

Run Build Command:"/usr/bin/make" "cmTC_fae17/fast"
/usr/bin/make -f CMakeFiles/cmTC_fae17.dir/build.make CMakeFiles/cmTC_fae17.dir/build
make[1]: Entering directory '/home/tomiliatsereh/staubli_ws/build/staubli_rx160_gazebo/CMakeFiles/CMakeTmp'
Building C object CMakeFiles/cmTC_fae17.dir/CheckFunctionExists.c.o
/usr/bin/cc   -DCHECK_FUNCTION_EXISTS=pthread_create   -o CMakeFiles/cmTC_fae17.dir/CheckFunctionExists.c.o   -c /usr/share/cmake-3.10/Modules/CheckFunctionExists.c
Linking C executable cmTC_fae17
/usr/bin/cmake -E cmake_link_script CMakeFiles/cmTC_fae17.dir/link.txt --verbose=1
/usr/bin/cc  -DCHECK_FUNCTION_EXISTS=pthread_create    -rdynamic CMakeFiles/cmTC_fae17.dir/CheckFunctionExists.c.o  -o cmTC_fae17 -lpthreads 
/usr/bin/ld: cannot find -lpthreads
collect2: error: ld returned 1 exit status
CMakeFiles/cmTC_fae17.dir/build.make:97: recipe for target 'cmTC_fae17' failed
make[1]: *** [cmTC_fae17] Error 1
make[1]: Leaving directory '/home/tomiliatsereh/staubli_ws/build/staubli_rx160_gazebo/CMakeFiles/CMakeTmp'
Makefile:126: recipe for target 'cmTC_fae17/fast' failed
make: *** [cmTC_fae17/fast] Error 2


