Determining if the pthread_create exist failed with the following output:
Change Dir: /home/tomiliatsereh/staubli_ws/build/descartes_core/CMakeFiles/CMakeTmp

Run Build Command:"/usr/bin/make" "cmTC_96dee/fast"
/usr/bin/make -f CMakeFiles/cmTC_96dee.dir/build.make CMakeFiles/cmTC_96dee.dir/build
make[1]: Entering directory '/home/tomiliatsereh/staubli_ws/build/descartes_core/CMakeFiles/CMakeTmp'
Building C object CMakeFiles/cmTC_96dee.dir/CheckSymbolExists.c.o
/usr/bin/cc    -o CMakeFiles/cmTC_96dee.dir/CheckSymbolExists.c.o   -c /home/tomiliatsereh/staubli_ws/build/descartes_core/CMakeFiles/CMakeTmp/CheckSymbolExists.c
Linking C executable cmTC_96dee
/usr/bin/cmake -E cmake_link_script CMakeFiles/cmTC_96dee.dir/link.txt --verbose=1
/usr/bin/cc      -rdynamic CMakeFiles/cmTC_96dee.dir/CheckSymbolExists.c.o  -o cmTC_96dee 
CMakeFiles/cmTC_96dee.dir/CheckSymbolExists.c.o: In function `main':
CheckSymbolExists.c:(.text+0x1b): undefined reference to `pthread_create'
collect2: error: ld returned 1 exit status
CMakeFiles/cmTC_96dee.dir/build.make:97: recipe for target 'cmTC_96dee' failed
make[1]: *** [cmTC_96dee] Error 1
make[1]: Leaving directory '/home/tomiliatsereh/staubli_ws/build/descartes_core/CMakeFiles/CMakeTmp'
Makefile:126: recipe for target 'cmTC_96dee/fast' failed
make: *** [cmTC_96dee/fast] Error 2

File /home/tomiliatsereh/staubli_ws/build/descartes_core/CMakeFiles/CMakeTmp/CheckSymbolExists.c:
/* */
#include <pthread.h>

int main(int argc, char** argv)
{
  (void)argv;
#ifndef pthread_create
  return ((int*)(&pthread_create))[argc];
#else
  (void)argc;
  return 0;
#endif
}

Determining if the function pthread_create exists in the pthreads failed with the following output:
Change Dir: /home/tomiliatsereh/staubli_ws/build/descartes_core/CMakeFiles/CMakeTmp

Run Build Command:"/usr/bin/make" "cmTC_c973d/fast"
/usr/bin/make -f CMakeFiles/cmTC_c973d.dir/build.make CMakeFiles/cmTC_c973d.dir/build
make[1]: Entering directory '/home/tomiliatsereh/staubli_ws/build/descartes_core/CMakeFiles/CMakeTmp'
Building C object CMakeFiles/cmTC_c973d.dir/CheckFunctionExists.c.o
/usr/bin/cc   -DCHECK_FUNCTION_EXISTS=pthread_create   -o CMakeFiles/cmTC_c973d.dir/CheckFunctionExists.c.o   -c /usr/share/cmake-3.10/Modules/CheckFunctionExists.c
Linking C executable cmTC_c973d
/usr/bin/cmake -E cmake_link_script CMakeFiles/cmTC_c973d.dir/link.txt --verbose=1
/usr/bin/cc  -DCHECK_FUNCTION_EXISTS=pthread_create    -rdynamic CMakeFiles/cmTC_c973d.dir/CheckFunctionExists.c.o  -o cmTC_c973d -lpthreads 
/usr/bin/ld: cannot find -lpthreads
collect2: error: ld returned 1 exit status
CMakeFiles/cmTC_c973d.dir/build.make:97: recipe for target 'cmTC_c973d' failed
make[1]: *** [cmTC_c973d] Error 1
make[1]: Leaving directory '/home/tomiliatsereh/staubli_ws/build/descartes_core/CMakeFiles/CMakeTmp'
Makefile:126: recipe for target 'cmTC_c973d/fast' failed
make: *** [cmTC_c973d/fast] Error 2


