Determining if the pthread_create exist failed with the following output:
Change Dir: /home/tomiliatsereh/staubli_ws/build/manufacturing_6dof/CMakeFiles/CMakeTmp

Run Build Command:"/usr/bin/make" "cmTC_65b5c/fast"
/usr/bin/make -f CMakeFiles/cmTC_65b5c.dir/build.make CMakeFiles/cmTC_65b5c.dir/build
make[1]: Entering directory '/home/tomiliatsereh/staubli_ws/build/manufacturing_6dof/CMakeFiles/CMakeTmp'
Building C object CMakeFiles/cmTC_65b5c.dir/CheckSymbolExists.c.o
/usr/bin/cc    -o CMakeFiles/cmTC_65b5c.dir/CheckSymbolExists.c.o   -c /home/tomiliatsereh/staubli_ws/build/manufacturing_6dof/CMakeFiles/CMakeTmp/CheckSymbolExists.c
Linking C executable cmTC_65b5c
/usr/bin/cmake -E cmake_link_script CMakeFiles/cmTC_65b5c.dir/link.txt --verbose=1
/usr/bin/cc      -rdynamic CMakeFiles/cmTC_65b5c.dir/CheckSymbolExists.c.o  -o cmTC_65b5c 
CMakeFiles/cmTC_65b5c.dir/CheckSymbolExists.c.o: In function `main':
CheckSymbolExists.c:(.text+0x1b): undefined reference to `pthread_create'
collect2: error: ld returned 1 exit status
CMakeFiles/cmTC_65b5c.dir/build.make:97: recipe for target 'cmTC_65b5c' failed
make[1]: *** [cmTC_65b5c] Error 1
make[1]: Leaving directory '/home/tomiliatsereh/staubli_ws/build/manufacturing_6dof/CMakeFiles/CMakeTmp'
Makefile:126: recipe for target 'cmTC_65b5c/fast' failed
make: *** [cmTC_65b5c/fast] Error 2

File /home/tomiliatsereh/staubli_ws/build/manufacturing_6dof/CMakeFiles/CMakeTmp/CheckSymbolExists.c:
/* */
#include <pthread.h>

int main(int argc, char** argv)
{
  (void)argv;
#ifndef pthread_create
  return ((int*)(&pthread_create))[argc];
#else
  (void)argc;
  return 0;
#endif
}

Determining if the function pthread_create exists in the pthreads failed with the following output:
Change Dir: /home/tomiliatsereh/staubli_ws/build/manufacturing_6dof/CMakeFiles/CMakeTmp

Run Build Command:"/usr/bin/make" "cmTC_57e4f/fast"
/usr/bin/make -f CMakeFiles/cmTC_57e4f.dir/build.make CMakeFiles/cmTC_57e4f.dir/build
make[1]: Entering directory '/home/tomiliatsereh/staubli_ws/build/manufacturing_6dof/CMakeFiles/CMakeTmp'
Building C object CMakeFiles/cmTC_57e4f.dir/CheckFunctionExists.c.o
/usr/bin/cc   -DCHECK_FUNCTION_EXISTS=pthread_create   -o CMakeFiles/cmTC_57e4f.dir/CheckFunctionExists.c.o   -c /usr/share/cmake-3.10/Modules/CheckFunctionExists.c
Linking C executable cmTC_57e4f
/usr/bin/cmake -E cmake_link_script CMakeFiles/cmTC_57e4f.dir/link.txt --verbose=1
/usr/bin/cc  -DCHECK_FUNCTION_EXISTS=pthread_create    -rdynamic CMakeFiles/cmTC_57e4f.dir/CheckFunctionExists.c.o  -o cmTC_57e4f -lpthreads 
/usr/bin/ld: cannot find -lpthreads
collect2: error: ld returned 1 exit status
CMakeFiles/cmTC_57e4f.dir/build.make:97: recipe for target 'cmTC_57e4f' failed
make[1]: *** [cmTC_57e4f] Error 1
make[1]: Leaving directory '/home/tomiliatsereh/staubli_ws/build/manufacturing_6dof/CMakeFiles/CMakeTmp'
Makefile:126: recipe for target 'cmTC_57e4f/fast' failed
make: *** [cmTC_57e4f/fast] Error 2


