Determining if the pthread_create exist failed with the following output:
Change Dir: /home/tomiliatsereh/staubli_ws/build/descartes_planner/CMakeFiles/CMakeTmp

Run Build Command:"/usr/bin/make" "cmTC_5532d/fast"
/usr/bin/make -f CMakeFiles/cmTC_5532d.dir/build.make CMakeFiles/cmTC_5532d.dir/build
make[1]: Entering directory '/home/tomiliatsereh/staubli_ws/build/descartes_planner/CMakeFiles/CMakeTmp'
Building C object CMakeFiles/cmTC_5532d.dir/CheckSymbolExists.c.o
/usr/bin/cc    -o CMakeFiles/cmTC_5532d.dir/CheckSymbolExists.c.o   -c /home/tomiliatsereh/staubli_ws/build/descartes_planner/CMakeFiles/CMakeTmp/CheckSymbolExists.c
Linking C executable cmTC_5532d
/usr/bin/cmake -E cmake_link_script CMakeFiles/cmTC_5532d.dir/link.txt --verbose=1
/usr/bin/cc      -rdynamic CMakeFiles/cmTC_5532d.dir/CheckSymbolExists.c.o  -o cmTC_5532d 
CMakeFiles/cmTC_5532d.dir/CheckSymbolExists.c.o: In function `main':
CheckSymbolExists.c:(.text+0x1b): undefined reference to `pthread_create'
collect2: error: ld returned 1 exit status
CMakeFiles/cmTC_5532d.dir/build.make:97: recipe for target 'cmTC_5532d' failed
make[1]: *** [cmTC_5532d] Error 1
make[1]: Leaving directory '/home/tomiliatsereh/staubli_ws/build/descartes_planner/CMakeFiles/CMakeTmp'
Makefile:126: recipe for target 'cmTC_5532d/fast' failed
make: *** [cmTC_5532d/fast] Error 2

File /home/tomiliatsereh/staubli_ws/build/descartes_planner/CMakeFiles/CMakeTmp/CheckSymbolExists.c:
/* */
#include <pthread.h>

int main(int argc, char** argv)
{
  (void)argv;
#ifndef pthread_create
  return ((int*)(&pthread_create))[argc];
#else
  (void)argc;
  return 0;
#endif
}

Determining if the function pthread_create exists in the pthreads failed with the following output:
Change Dir: /home/tomiliatsereh/staubli_ws/build/descartes_planner/CMakeFiles/CMakeTmp

Run Build Command:"/usr/bin/make" "cmTC_2dc8f/fast"
/usr/bin/make -f CMakeFiles/cmTC_2dc8f.dir/build.make CMakeFiles/cmTC_2dc8f.dir/build
make[1]: Entering directory '/home/tomiliatsereh/staubli_ws/build/descartes_planner/CMakeFiles/CMakeTmp'
Building C object CMakeFiles/cmTC_2dc8f.dir/CheckFunctionExists.c.o
/usr/bin/cc   -DCHECK_FUNCTION_EXISTS=pthread_create   -o CMakeFiles/cmTC_2dc8f.dir/CheckFunctionExists.c.o   -c /usr/share/cmake-3.10/Modules/CheckFunctionExists.c
Linking C executable cmTC_2dc8f
/usr/bin/cmake -E cmake_link_script CMakeFiles/cmTC_2dc8f.dir/link.txt --verbose=1
/usr/bin/cc  -DCHECK_FUNCTION_EXISTS=pthread_create    -rdynamic CMakeFiles/cmTC_2dc8f.dir/CheckFunctionExists.c.o  -o cmTC_2dc8f -lpthreads 
/usr/bin/ld: cannot find -lpthreads
collect2: error: ld returned 1 exit status
CMakeFiles/cmTC_2dc8f.dir/build.make:97: recipe for target 'cmTC_2dc8f' failed
make[1]: *** [cmTC_2dc8f] Error 1
make[1]: Leaving directory '/home/tomiliatsereh/staubli_ws/build/descartes_planner/CMakeFiles/CMakeTmp'
Makefile:126: recipe for target 'cmTC_2dc8f/fast' failed
make: *** [cmTC_2dc8f/fast] Error 2


