Determining if the pthread_create exist failed with the following output:
Change Dir: /home/tomiliatsereh/staubli_ws/build/staubli_tx40_manipulator_ikfast_plugin/CMakeFiles/CMakeTmp

Run Build Command:"/usr/bin/make" "cmTC_b3379/fast"
/usr/bin/make -f CMakeFiles/cmTC_b3379.dir/build.make CMakeFiles/cmTC_b3379.dir/build
make[1]: Entering directory '/home/tomiliatsereh/staubli_ws/build/staubli_tx40_manipulator_ikfast_plugin/CMakeFiles/CMakeTmp'
Building C object CMakeFiles/cmTC_b3379.dir/CheckSymbolExists.c.o
/usr/bin/cc    -o CMakeFiles/cmTC_b3379.dir/CheckSymbolExists.c.o   -c /home/tomiliatsereh/staubli_ws/build/staubli_tx40_manipulator_ikfast_plugin/CMakeFiles/CMakeTmp/CheckSymbolExists.c
Linking C executable cmTC_b3379
/usr/bin/cmake -E cmake_link_script CMakeFiles/cmTC_b3379.dir/link.txt --verbose=1
/usr/bin/cc      -rdynamic CMakeFiles/cmTC_b3379.dir/CheckSymbolExists.c.o  -o cmTC_b3379 
CMakeFiles/cmTC_b3379.dir/CheckSymbolExists.c.o: In function `main':
CheckSymbolExists.c:(.text+0x1b): undefined reference to `pthread_create'
collect2: error: ld returned 1 exit status
CMakeFiles/cmTC_b3379.dir/build.make:97: recipe for target 'cmTC_b3379' failed
make[1]: *** [cmTC_b3379] Error 1
make[1]: Leaving directory '/home/tomiliatsereh/staubli_ws/build/staubli_tx40_manipulator_ikfast_plugin/CMakeFiles/CMakeTmp'
Makefile:126: recipe for target 'cmTC_b3379/fast' failed
make: *** [cmTC_b3379/fast] Error 2

File /home/tomiliatsereh/staubli_ws/build/staubli_tx40_manipulator_ikfast_plugin/CMakeFiles/CMakeTmp/CheckSymbolExists.c:
/* */
#include <pthread.h>

int main(int argc, char** argv)
{
  (void)argv;
#ifndef pthread_create
  return ((int*)(&pthread_create))[argc];
#else
  (void)argc;
  return 0;
#endif
}

Determining if the function pthread_create exists in the pthreads failed with the following output:
Change Dir: /home/tomiliatsereh/staubli_ws/build/staubli_tx40_manipulator_ikfast_plugin/CMakeFiles/CMakeTmp

Run Build Command:"/usr/bin/make" "cmTC_f9c02/fast"
/usr/bin/make -f CMakeFiles/cmTC_f9c02.dir/build.make CMakeFiles/cmTC_f9c02.dir/build
make[1]: Entering directory '/home/tomiliatsereh/staubli_ws/build/staubli_tx40_manipulator_ikfast_plugin/CMakeFiles/CMakeTmp'
Building C object CMakeFiles/cmTC_f9c02.dir/CheckFunctionExists.c.o
/usr/bin/cc   -DCHECK_FUNCTION_EXISTS=pthread_create   -o CMakeFiles/cmTC_f9c02.dir/CheckFunctionExists.c.o   -c /usr/share/cmake-3.10/Modules/CheckFunctionExists.c
Linking C executable cmTC_f9c02
/usr/bin/cmake -E cmake_link_script CMakeFiles/cmTC_f9c02.dir/link.txt --verbose=1
/usr/bin/cc  -DCHECK_FUNCTION_EXISTS=pthread_create    -rdynamic CMakeFiles/cmTC_f9c02.dir/CheckFunctionExists.c.o  -o cmTC_f9c02 -lpthreads 
/usr/bin/ld: cannot find -lpthreads
collect2: error: ld returned 1 exit status
CMakeFiles/cmTC_f9c02.dir/build.make:97: recipe for target 'cmTC_f9c02' failed
make[1]: *** [cmTC_f9c02] Error 1
make[1]: Leaving directory '/home/tomiliatsereh/staubli_ws/build/staubli_tx40_manipulator_ikfast_plugin/CMakeFiles/CMakeTmp'
Makefile:126: recipe for target 'cmTC_f9c02/fast' failed
make: *** [cmTC_f9c02/fast] Error 2


