Determining if the pthread_create exist failed with the following output:
Change Dir: /home/tomiliatsereh/staubli_ws/build/staubli_tx90_gazebo/CMakeFiles/CMakeTmp

Run Build Command:"/usr/bin/make" "cmTC_090fd/fast"
/usr/bin/make -f CMakeFiles/cmTC_090fd.dir/build.make CMakeFiles/cmTC_090fd.dir/build
make[1]: Entering directory '/home/tomiliatsereh/staubli_ws/build/staubli_tx90_gazebo/CMakeFiles/CMakeTmp'
Building C object CMakeFiles/cmTC_090fd.dir/CheckSymbolExists.c.o
/usr/bin/cc    -o CMakeFiles/cmTC_090fd.dir/CheckSymbolExists.c.o   -c /home/tomiliatsereh/staubli_ws/build/staubli_tx90_gazebo/CMakeFiles/CMakeTmp/CheckSymbolExists.c
Linking C executable cmTC_090fd
/usr/bin/cmake -E cmake_link_script CMakeFiles/cmTC_090fd.dir/link.txt --verbose=1
/usr/bin/cc      -rdynamic CMakeFiles/cmTC_090fd.dir/CheckSymbolExists.c.o  -o cmTC_090fd 
CMakeFiles/cmTC_090fd.dir/CheckSymbolExists.c.o: In function `main':
CheckSymbolExists.c:(.text+0x1b): undefined reference to `pthread_create'
collect2: error: ld returned 1 exit status
CMakeFiles/cmTC_090fd.dir/build.make:97: recipe for target 'cmTC_090fd' failed
make[1]: *** [cmTC_090fd] Error 1
make[1]: Leaving directory '/home/tomiliatsereh/staubli_ws/build/staubli_tx90_gazebo/CMakeFiles/CMakeTmp'
Makefile:126: recipe for target 'cmTC_090fd/fast' failed
make: *** [cmTC_090fd/fast] Error 2

File /home/tomiliatsereh/staubli_ws/build/staubli_tx90_gazebo/CMakeFiles/CMakeTmp/CheckSymbolExists.c:
/* */
#include <pthread.h>

int main(int argc, char** argv)
{
  (void)argv;
#ifndef pthread_create
  return ((int*)(&pthread_create))[argc];
#else
  (void)argc;
  return 0;
#endif
}

Determining if the function pthread_create exists in the pthreads failed with the following output:
Change Dir: /home/tomiliatsereh/staubli_ws/build/staubli_tx90_gazebo/CMakeFiles/CMakeTmp

Run Build Command:"/usr/bin/make" "cmTC_39c10/fast"
/usr/bin/make -f CMakeFiles/cmTC_39c10.dir/build.make CMakeFiles/cmTC_39c10.dir/build
make[1]: Entering directory '/home/tomiliatsereh/staubli_ws/build/staubli_tx90_gazebo/CMakeFiles/CMakeTmp'
Building C object CMakeFiles/cmTC_39c10.dir/CheckFunctionExists.c.o
/usr/bin/cc   -DCHECK_FUNCTION_EXISTS=pthread_create   -o CMakeFiles/cmTC_39c10.dir/CheckFunctionExists.c.o   -c /usr/share/cmake-3.10/Modules/CheckFunctionExists.c
Linking C executable cmTC_39c10
/usr/bin/cmake -E cmake_link_script CMakeFiles/cmTC_39c10.dir/link.txt --verbose=1
/usr/bin/cc  -DCHECK_FUNCTION_EXISTS=pthread_create    -rdynamic CMakeFiles/cmTC_39c10.dir/CheckFunctionExists.c.o  -o cmTC_39c10 -lpthreads 
/usr/bin/ld: cannot find -lpthreads
collect2: error: ld returned 1 exit status
CMakeFiles/cmTC_39c10.dir/build.make:97: recipe for target 'cmTC_39c10' failed
make[1]: *** [cmTC_39c10] Error 1
make[1]: Leaving directory '/home/tomiliatsereh/staubli_ws/build/staubli_tx90_gazebo/CMakeFiles/CMakeTmp'
Makefile:126: recipe for target 'cmTC_39c10/fast' failed
make: *** [cmTC_39c10/fast] Error 2


