Determining if the pthread_create exist failed with the following output:
Change Dir: /home/tomiliatsereh/staubli_ws/build/staubli_rx160_moveit_config/CMakeFiles/CMakeTmp

Run Build Command:"/usr/bin/make" "cmTC_e946d/fast"
/usr/bin/make -f CMakeFiles/cmTC_e946d.dir/build.make CMakeFiles/cmTC_e946d.dir/build
make[1]: Entering directory '/home/tomiliatsereh/staubli_ws/build/staubli_rx160_moveit_config/CMakeFiles/CMakeTmp'
Building C object CMakeFiles/cmTC_e946d.dir/CheckSymbolExists.c.o
/usr/bin/cc    -o CMakeFiles/cmTC_e946d.dir/CheckSymbolExists.c.o   -c /home/tomiliatsereh/staubli_ws/build/staubli_rx160_moveit_config/CMakeFiles/CMakeTmp/CheckSymbolExists.c
Linking C executable cmTC_e946d
/usr/bin/cmake -E cmake_link_script CMakeFiles/cmTC_e946d.dir/link.txt --verbose=1
/usr/bin/cc      -rdynamic CMakeFiles/cmTC_e946d.dir/CheckSymbolExists.c.o  -o cmTC_e946d 
CMakeFiles/cmTC_e946d.dir/CheckSymbolExists.c.o: In function `main':
CheckSymbolExists.c:(.text+0x1b): undefined reference to `pthread_create'
collect2: error: ld returned 1 exit status
CMakeFiles/cmTC_e946d.dir/build.make:97: recipe for target 'cmTC_e946d' failed
make[1]: *** [cmTC_e946d] Error 1
make[1]: Leaving directory '/home/tomiliatsereh/staubli_ws/build/staubli_rx160_moveit_config/CMakeFiles/CMakeTmp'
Makefile:126: recipe for target 'cmTC_e946d/fast' failed
make: *** [cmTC_e946d/fast] Error 2

File /home/tomiliatsereh/staubli_ws/build/staubli_rx160_moveit_config/CMakeFiles/CMakeTmp/CheckSymbolExists.c:
/* */
#include <pthread.h>

int main(int argc, char** argv)
{
  (void)argv;
#ifndef pthread_create
  return ((int*)(&pthread_create))[argc];
#else
  (void)argc;
  return 0;
#endif
}

Determining if the function pthread_create exists in the pthreads failed with the following output:
Change Dir: /home/tomiliatsereh/staubli_ws/build/staubli_rx160_moveit_config/CMakeFiles/CMakeTmp

Run Build Command:"/usr/bin/make" "cmTC_249d2/fast"
/usr/bin/make -f CMakeFiles/cmTC_249d2.dir/build.make CMakeFiles/cmTC_249d2.dir/build
make[1]: Entering directory '/home/tomiliatsereh/staubli_ws/build/staubli_rx160_moveit_config/CMakeFiles/CMakeTmp'
Building C object CMakeFiles/cmTC_249d2.dir/CheckFunctionExists.c.o
/usr/bin/cc   -DCHECK_FUNCTION_EXISTS=pthread_create   -o CMakeFiles/cmTC_249d2.dir/CheckFunctionExists.c.o   -c /usr/share/cmake-3.10/Modules/CheckFunctionExists.c
Linking C executable cmTC_249d2
/usr/bin/cmake -E cmake_link_script CMakeFiles/cmTC_249d2.dir/link.txt --verbose=1
/usr/bin/cc  -DCHECK_FUNCTION_EXISTS=pthread_create    -rdynamic CMakeFiles/cmTC_249d2.dir/CheckFunctionExists.c.o  -o cmTC_249d2 -lpthreads 
/usr/bin/ld: cannot find -lpthreads
collect2: error: ld returned 1 exit status
CMakeFiles/cmTC_249d2.dir/build.make:97: recipe for target 'cmTC_249d2' failed
make[1]: *** [cmTC_249d2] Error 1
make[1]: Leaving directory '/home/tomiliatsereh/staubli_ws/build/staubli_rx160_moveit_config/CMakeFiles/CMakeTmp'
Makefile:126: recipe for target 'cmTC_249d2/fast' failed
make: *** [cmTC_249d2/fast] Error 2


