Determining if the pthread_create exist failed with the following output:
Change Dir: /home/tomiliatsereh/staubli_ws/build/staubli_tx40_moveit_config/CMakeFiles/CMakeTmp

Run Build Command:"/usr/bin/make" "cmTC_b483c/fast"
/usr/bin/make -f CMakeFiles/cmTC_b483c.dir/build.make CMakeFiles/cmTC_b483c.dir/build
make[1]: Entering directory '/home/tomiliatsereh/staubli_ws/build/staubli_tx40_moveit_config/CMakeFiles/CMakeTmp'
Building C object CMakeFiles/cmTC_b483c.dir/CheckSymbolExists.c.o
/usr/bin/cc    -o CMakeFiles/cmTC_b483c.dir/CheckSymbolExists.c.o   -c /home/tomiliatsereh/staubli_ws/build/staubli_tx40_moveit_config/CMakeFiles/CMakeTmp/CheckSymbolExists.c
Linking C executable cmTC_b483c
/usr/bin/cmake -E cmake_link_script CMakeFiles/cmTC_b483c.dir/link.txt --verbose=1
/usr/bin/cc      -rdynamic CMakeFiles/cmTC_b483c.dir/CheckSymbolExists.c.o  -o cmTC_b483c 
CMakeFiles/cmTC_b483c.dir/CheckSymbolExists.c.o: In function `main':
CheckSymbolExists.c:(.text+0x1b): undefined reference to `pthread_create'
collect2: error: ld returned 1 exit status
CMakeFiles/cmTC_b483c.dir/build.make:97: recipe for target 'cmTC_b483c' failed
make[1]: *** [cmTC_b483c] Error 1
make[1]: Leaving directory '/home/tomiliatsereh/staubli_ws/build/staubli_tx40_moveit_config/CMakeFiles/CMakeTmp'
Makefile:126: recipe for target 'cmTC_b483c/fast' failed
make: *** [cmTC_b483c/fast] Error 2

File /home/tomiliatsereh/staubli_ws/build/staubli_tx40_moveit_config/CMakeFiles/CMakeTmp/CheckSymbolExists.c:
/* */
#include <pthread.h>

int main(int argc, char** argv)
{
  (void)argv;
#ifndef pthread_create
  return ((int*)(&pthread_create))[argc];
#else
  (void)argc;
  return 0;
#endif
}

Determining if the function pthread_create exists in the pthreads failed with the following output:
Change Dir: /home/tomiliatsereh/staubli_ws/build/staubli_tx40_moveit_config/CMakeFiles/CMakeTmp

Run Build Command:"/usr/bin/make" "cmTC_9721c/fast"
/usr/bin/make -f CMakeFiles/cmTC_9721c.dir/build.make CMakeFiles/cmTC_9721c.dir/build
make[1]: Entering directory '/home/tomiliatsereh/staubli_ws/build/staubli_tx40_moveit_config/CMakeFiles/CMakeTmp'
Building C object CMakeFiles/cmTC_9721c.dir/CheckFunctionExists.c.o
/usr/bin/cc   -DCHECK_FUNCTION_EXISTS=pthread_create   -o CMakeFiles/cmTC_9721c.dir/CheckFunctionExists.c.o   -c /usr/share/cmake-3.10/Modules/CheckFunctionExists.c
Linking C executable cmTC_9721c
/usr/bin/cmake -E cmake_link_script CMakeFiles/cmTC_9721c.dir/link.txt --verbose=1
/usr/bin/cc  -DCHECK_FUNCTION_EXISTS=pthread_create    -rdynamic CMakeFiles/cmTC_9721c.dir/CheckFunctionExists.c.o  -o cmTC_9721c -lpthreads 
/usr/bin/ld: cannot find -lpthreads
collect2: error: ld returned 1 exit status
CMakeFiles/cmTC_9721c.dir/build.make:97: recipe for target 'cmTC_9721c' failed
make[1]: *** [cmTC_9721c] Error 1
make[1]: Leaving directory '/home/tomiliatsereh/staubli_ws/build/staubli_tx40_moveit_config/CMakeFiles/CMakeTmp'
Makefile:126: recipe for target 'cmTC_9721c/fast' failed
make: *** [cmTC_9721c/fast] Error 2


